  found input file powheg.input
  opened powheg.input
  powheginput keyword compress_lhe         absent; set to   -1000000.0000000000     
  powheginput keyword compress_upb         absent; set to   -1000000.0000000000     
  powheginput keyword testplots            set to    1.0000000000000000     
  powheginput keyword numevts              set to    10000.000000000000     
  powheginput keyword storemintupb         set to    1.0000000000000000     
  powheginput keyword mintupbxless         absent; set to   -1000000.0000000000     
  powheginput keyword fastbtlbound         set to    1.0000000000000000     
  powheginput keyword mintupbratlim        absent; set to   -1000000.0000000000     
  powheginput keyword StoredubNoOutliers   absent; set to   -1000000.0000000000     
  powheginput keyword maxseeds             set to    1000.0000000000000     
  powheginput keyword manyseeds            absent; set to   -1000000.0000000000     
  powheginput keyword rwl_add              absent; set to   -1000000.0000000000     
  powheginput keyword rwl_format_rwgt      absent; set to   -1000000.0000000000     
  powheginput keyword flg_debug            absent; set to   -1000000.0000000000     
  powheginput keyword withnegweights       absent; set to   -1000000.0000000000     
  powheginput keyword bornsuppfact         absent; set to   -1000000.0000000000     
  powheginput keyword ptsupp               absent; set to   -1000000.0000000000     
  powheginput keyword doublefsr            absent; set to   -1000000.0000000000     
  powheginput keyword smartsig             absent; set to   -1000000.0000000000     
  powheginput keyword withsubtr            absent; set to   -1000000.0000000000     
  powheginput keyword hfact                absent; set to   -1000000.0000000000     
  powheginput keyword withdamp             absent; set to   -1000000.0000000000     
  powheginput keyword bornzerodamp         absent; set to   -1000000.0000000000     
  powheginput keyword hdamp                set to    250.00000000000000     
  powheginput keyword bornonly             set to    1.0000000000000000     
  powheginput keyword LOevents             absent; set to   -1000000.0000000000     
  powheginput keyword novirtual            absent; set to   -1000000.0000000000     
  powheginput keyword iseed                set to    547.00000000000000     
  powheginput keyword rand1                set to    0.0000000000000000     
  powheginput keyword rand2                set to    0.0000000000000000     
  powheginput keyword iupperisr            absent; set to   -1000000.0000000000     
  powheginput keyword iupperfsr            absent; set to   -1000000.0000000000     
  powheginput keyword pdfreweight          absent; set to   -1000000.0000000000     
  powheginput keyword storeinfo_rwgt       set to    1.0000000000000000     
  powheginput keyword compute_rwgt         absent; set to   -1000000.0000000000     
  powheginput keyword minlo                absent; set to   -1000000.0000000000     
  powheginput keyword nnlops               absent; set to   -1000000.0000000000     
  powheginput keyword alphas_from_pdf      absent; set to   -1000000.0000000000     
  powheginput keyword alphas_from_lhapdf   absent; set to   -1000000.0000000000     
  powheginput keyword ubexcess_correct     set to    1.0000000000000000     
 RM48 INITIALIZED:       547           0         0
  powheginput keyword par_diexp            absent; set to   -1000000.0000000000     
  powheginput keyword par_dijexp           absent; set to   -1000000.0000000000     
  powheginput keyword par_2gsupp           absent; set to   -1000000.0000000000     
  powheginput keyword ih1                  set to    1.0000000000000000     
  powheginput keyword ih2                  set to    1.0000000000000000     
  powheginput keyword lhans1               set to    91500.000000000000     
  powheginput keyword lhans2               set to    91500.000000000000     
  powheginput keyword lhapdf6maxsets       absent; set to   -1000000.0000000000     
LHAPDF 6.3.0 loading /cvmfs/sft.cern.ch/lcg/external/lhapdfsets/current/PDF4LHC15_nnlo_mc/PDF4LHC15_nnlo_mc_0000.dat
PDF4LHC15_nnlo_mc PDF set, member #0, version 1; LHAPDF ID = 91500
  check: alpha_s(Mz)=  0.11800230075848536     
  alpha_s order (0,1,2):            2
  Lambda 5 is   0.20839257465514974     
  powheginput keyword ebeam1               set to    6500.0000000000000     
  powheginput keyword ebeam2               set to    6500.0000000000000     
  powheginput keyword bornktmin            absent; set to   -1000000.0000000000     
  powheginput keyword ptsqmin              absent; set to   -1000000.0000000000     
  powheginput keyword charmthr             absent; set to   -1000000.0000000000     
  powheginput keyword bottomthr            absent; set to   -1000000.0000000000     
  powheginput keyword renscfact            set to    1.0000000000000000     
  powheginput keyword facscfact            set to    1.0000000000000000     
  powheginput keyword evenmaxrat           absent; set to   -1000000.0000000000     
  powheginput keyword btildeborn           absent; set to   -1000000.0000000000     
  powheginput keyword btildevirt           absent; set to   -1000000.0000000000     
  powheginput keyword btildecoll           absent; set to   -1000000.0000000000     
  powheginput keyword btildereal           absent; set to   -1000000.0000000000     
  powheginput keyword mtdep                set to    3.0000000000000000     
 ***********************************
 **  Running in full theory mode  **
 ***********************************
  powheginput keyword hdecaymode           set to   -1.0000000000000000     
  born processes           1
           0           0          25          25
 >>> VIRTUAL not needed!
     not loading virt-grids...
  real processes          31
          -5           0          25          25          -5
          -5           5          25          25           0
          -4           0          25          25          -4
          -4           4          25          25           0
          -3           0          25          25          -3
          -3           3          25          25           0
          -2           0          25          25          -2
          -2           2          25          25           0
          -1           0          25          25          -1
          -1           1          25          25           0
           0          -5          25          25          -5
           0          -4          25          25          -4
           0          -3          25          25          -3
           0          -2          25          25          -2
           0          -1          25          25          -1
           0           0          25          25           0
           0           1          25          25           1
           0           2          25          25           2
           0           3          25          25           3
           0           4          25          25           4
           0           5          25          25           5
           1          -1          25          25           0
           1           0          25          25           1
           2          -2          25          25           0
           2           0          25          25           2
           3          -3          25          25           0
           3           0          25          25           3
           4          -4          25          25           0
           4           0          25          25           4
           5          -5          25          25           0
           5           0          25          25           5
  powheginput keyword hmass                set to    125.00000000000000     
  powheginput keyword gfermi               absent; set to   -1000000.0000000000     
  powheginput keyword topmass              set to    173.00000000000000     
  powheginput keyword Zmass                absent; set to   -1000000.0000000000     
  powheginput keyword Zwidth               absent; set to   -1000000.0000000000     
  powheginput keyword Wmass                absent; set to   -1000000.0000000000     
  powheginput keyword Wwidth               absent; set to   -1000000.0000000000     
  powheginput keyword cHHH                 set to    8.0000000000000000     
  powheginput keyword cH4                  set to    0.0000000000000000     
 *************************************
 H mass =    125.00000000000000     
 1/alphaem =    132.33843228049906     
 sthw2 =   0.22264585341299603     
 GF =    1.1663900000000000E-005
 top mass =    173.00000000000000     
 cHHH =    8.0000000000000000     
 cH4  =    0.0000000000000000     
 *************************************

 =======================================================
 >> Variables rewritten to f90:
    --> f90_alphaem=   7.5563839072873510E-003
    --> f90_wmass=     80.397999999999996     
    --> f90_sthw2=    0.22264585341299603     
    --> f90_ch4=       0.0000000000000000     
 =======================================================
  powheginput keyword parallelstage        absent; set to   -1000000.0000000000     
+------------------------------------------------------------------------+
|   __   __   ___   __   __  __                   GoSam                  |
|  / _) /  \ / __) (  ) (  \/  )          An Automated One-Loop          |
| ( (/\( () )\__ \ /__\  )    (          Matrix Element Generator        |
|  \__/ \__/ (___/(_)(_)(_/\/\_)          Version 2.0.2 Rev: 865         |
|                                                                        |
|                                 (c) The GoSam Collaboration 2011-2015  |
|                                                                        |
|  AUTHORS:                                                              |
|  * Hans van Deurzen                  <hdeurzen@mpp.mpg.de>             |
|  * Nicolas Greiner                   <greiner@mpp.mpg.de>              |
|  * Gudrun Heinrich                   <gudrun@mpp.mpg.de>               |
|  * Gionata Luisoni                   <luisonig@mpp.mpg.de>             |
|  * Pierpaolo Mastrolia               <Pierpaolo.Mastrolia@cern.ch>     |
|  * Giovanni Ossola                   <gossola@citytech.cuny.edu>       |
|  * Tiziano Peraro                    <peraro@mpp.mpg.de>               |
|  * Johannes Schlenk                  <jschlenk@mpp.mpg.de>             |
|  * Johann Felix von Soden-Fraunhofen <jfsoden@mpp.mpg.de>              |
|  * Francesco Tramontano              <Francesco.Tramontano@cern.ch>    |
|                                                                        |
|  FORMER AUTHORS:                                                       |
|  * Gavin Cullen                      <gavin.cullen@desy.de>            |
|  * Edoardo Mirabella                 <mirabell@mpp.mpg.de>             |
|  * Joscha Reichel                    <joscha@mpp.mpg.de>               |
|  * Thomas Reiter                     <reiterth@mpp.mpg.de>             |
|                                                                        |
|  This program is free software: you can redistribute it and/or modify  |
|  it under the terms of the GNU General Public License either           |
|  version 3, or (at your option) any later version.                     |
|                                                                        |
|  Scientific publications prepared using the present version of         |
|  GoSam or any modified version of it or any code linking to GoSam      |
|  or parts of it should make a clear reference to the publication:      |
|                                                                        |
|      G. Cullen et al.,                                                 |
|      ``GoSam-2.0: a tool for automated one-loop calculations           |
|                        within the Standard Model and Beyond'',         |
|      Eur. Phys. J. C 74 (2014) 8,  3001                                |
|      [arXiv:1404.7096 [hep-ph]].                                       |
+------------------------------------------------------------------------+
  **** Minimum maxalr allowed:           21  *********
  **** Number of born graphs:             1
  **** Number of real graphs:            31
  **** Number of regular regions:          10
  powheginput keyword softtest             set to    0.0000000000000000     
  powheginput keyword colltest             set to    0.0000000000000000     
  POWHEG: no soft and coll. tests if bornonly is set
  powheginput keyword use-old-grid         set to    0.0000000000000000     

  POWHEG: initialization
  Computing the integral of the absolute value
  of the cross section to set up the adaptive grid
  powheginput keyword ncall1               set to    5000.0000000000000     
  powheginput keyword ncall1rm             absent; set to   -1000000.0000000000     
  powheginput keyword itmx1                set to    3.0000000000000000     
  powheginput keyword itmx1rm              absent; set to   -1000000.0000000000     
  result +- errtot (picobarn) for each iteration
  powheginput keyword fixedgrid            absent; set to   -1000000.0000000000     
 *******************************************
 *******************************************
 ****        Higgs bosons generated     ****
 ****            on mass shell          ****
 *******************************************
 *******************************************
  powheginput keyword fixedscale           set to    0.0000000000000000     
 ****************************************
 ****************************************
 ** Factorization and renormalization  **
 ** scales set dynamically to:  m_HH/2 **
 ****************************************
 ****************************************
########################################################################
#                                                                      #
#                     You are using OneLOop-3.6.1                      #
#                                                                      #
# for the evaluation of 1-loop scalar 1-, 2-, 3- and 4-point functions #
#                                                                      #
# author: Andreas van Hameren <hamerenREMOVETHIS@ifj.edu.pl>           #
#   date: 16-12-2015                                                   #
#                                                                      #
# Please cite                                                          #
#    A. van Hameren,                                                   #
#      Comput.Phys.Commun. 182 (2011) 2427-2438, arXiv:1007.4716       #
#    A. van Hameren, C.G. Papadopoulos and R. Pittau,                  #
#      JHEP 0909:106,2009, arXiv:0903.4665                             #
# in publications with results obtained with the help of this program. #
#                                                                      #
########################################################################
 ## Additional FORM FACTOR:
 >>>   0.0000000000000000      -0.28515076105052362        0.0000000000000000     
 >>>   2.0000000000000000      -0.28514845093134034        0.0000000000000000     
 >>>   4.0000000000000000      -0.28514155885095416        0.0000000000000000     
 >>>   6.0000000000000000      -0.28513019963839420        0.0000000000000000     
 >>>   8.0000000000000000      -0.28511456466760249        0.0000000000000000     
 >>>   10.000000000000000      -0.28509492184728402        0.0000000000000000     
 >>>   12.000000000000000      -0.28507161560971961        0.0000000000000000     
 >>>   14.000000000000000      -0.28504506690156023        0.0000000000000000     
 >>>   16.000000000000000      -0.28501577318048965        0.0000000000000000     
 >>>   18.000000000000000      -0.28498430842250311        0.0000000000000000     
 >>>   20.000000000000000      -0.28495132314541410        0.0000000000000000     
 >>>   22.000000000000000      -0.28491754445507939        0.0000000000000000     
 >>>   24.000000000000000      -0.28488377612169691        0.0000000000000000     
 >>>   26.000000000000000      -0.28485089869442287        0.0000000000000000     
 >>>   28.000000000000000      -0.28481986966344591        0.0000000000000000     
 >>>   30.000000000000000      -0.28479172367957672        0.0000000000000000     
 >>>   32.000000000000000      -0.28476757284233734        0.0000000000000000     
 >>>   34.000000000000000      -0.28474860706851335        0.0000000000000000     
 >>>   36.000000000000000      -0.28473609455412247        0.0000000000000000     
 >>>   38.000000000000000      -0.28473138234381884        0.0000000000000000     
 >>>   40.000000000000000      -0.28473589702284907        0.0000000000000000     
 >>>   42.000000000000000      -0.28475114554787140        0.0000000000000000     
 >>>   44.000000000000000      -0.28477871623420947        0.0000000000000000     
 >>>   46.000000000000000      -0.28482027991848774        0.0000000000000000     
 >>>   48.000000000000000      -0.28487759131710222        0.0000000000000000     
 >>>   50.000000000000000      -0.28495249060260947        0.0000000000000000     
 >>>   52.000000000000000      -0.28504690522195802        0.0000000000000000     
 >>>   54.000000000000000      -0.28516285198248453        0.0000000000000000     
 >>>   56.000000000000000      -0.28530243943388622        0.0000000000000000     
 >>>   58.000000000000000      -0.28546787057690348        0.0000000000000000     
 >>>   60.000000000000000      -0.28566144593231546        0.0000000000000000     
 >>>   62.000000000000000      -0.28588556700711554        0.0000000000000000     
 >>>   64.000000000000000      -0.28614274019839137        0.0000000000000000     
 >>>   66.000000000000000      -0.28643558117966750        0.0000000000000000     
 >>>   68.000000000000000      -0.28676681981924218        0.0000000000000000     
 >>>   70.000000000000000      -0.28713930568556456        0.0000000000000000     
 >>>   72.000000000000000      -0.28755601420100241        0.0000000000000000     
 >>>   74.000000000000000      -0.28802005351261678        0.0000000000000000     
 >>>   76.000000000000000      -0.28853467215693873        0.0000000000000000     
 >>>   78.000000000000000      -0.28910326760542537        0.0000000000000000     
 >>>   80.000000000000000      -0.28972939578850865        0.0000000000000000     
 >>>   82.000000000000000      -0.29041678170917617        0.0000000000000000     
 >>>   84.000000000000000      -0.29116933127222699        0.0000000000000000     
 >>>   86.000000000000000      -0.29199114447307384        0.0000000000000000     
 >>>   88.000000000000000      -0.29288653011073795        0.0000000000000000     
 >>>   90.000000000000000      -0.29386002221408181        0.0000000000000000     
 >>>   92.000000000000000      -0.29491639839906780        0.0000000000000000     
 >>>   94.000000000000000      -0.29606070040881222        0.0000000000000000     
 >>>   96.000000000000000      -0.29729825712850988        0.0000000000000000     
 >>>   98.000000000000000      -0.29863471041529061        0.0000000000000000     
 >>>   100.00000000000000      -0.30007604414042133        0.0000000000000000     
 >>>   102.00000000000000      -0.30162861691010157        0.0000000000000000     
 >>>   104.00000000000000      -0.30329919901404329        0.0000000000000000     
 >>>   106.00000000000000      -0.30509501425148372        0.0000000000000000     
 >>>   108.00000000000000      -0.30702378740648012        0.0000000000000000     
 >>>   110.00000000000000      -0.30909379829377109        0.0000000000000000     
 >>>   112.00000000000000      -0.31131394348023700        0.0000000000000000     
 >>>   114.00000000000000      -0.31369380701418254        0.0000000000000000     
 >>>   116.00000000000000      -0.31624374177732123        0.0000000000000000     
 >>>   118.00000000000000      -0.31897496342823906        0.0000000000000000     
 >>>   120.00000000000000      -0.32189965935227038        0.0000000000000000     
 >>>   122.00000000000000      -0.32503111559927972        0.0000000000000000     
 >>>   124.00000000000000      -0.32838386551591253        0.0000000000000000     
 >>>   126.00000000000000      -0.33197386471452661        0.0000000000000000     
 >>>   128.00000000000000      -0.33581869823916677        0.0000000000000000     
 >>>   130.00000000000000      -0.33993782739009298        0.0000000000000000     
 >>>   132.00000000000000      -0.34435288579462031        0.0000000000000000     
 >>>   134.00000000000000      -0.34908803716701703        0.0000000000000000     
 >>>   136.00000000000000      -0.35417041107993447        0.0000000000000000     
 >>>   138.00000000000000      -0.35963063841114667        0.0000000000000000     
 >>>   140.00000000000000      -0.36550351558800209        0.0000000000000000     
 >>>   142.00000000000000      -0.37182883733023164        0.0000000000000000     
 >>>   144.00000000000000      -0.37865245285279803        0.0000000000000000     
 >>>   146.00000000000000      -0.38602762292659565        0.0000000000000000     
 >>>   148.00000000000000      -0.39401678887796399        0.0000000000000000     
 >>>   150.00000000000000      -0.40269391637474888        0.0000000000000000     
 >>>   152.00000000000000      -0.41214765853115831        0.0000000000000000     
 >>>   154.00000000000000      -0.42248571567003157        0.0000000000000000     
 >>>   156.00000000000000      -0.43384099252619918        0.0000000000000000     
 >>>   160.00000000000000      -0.45986571098095741        3.7847844645882557E-003
 >>>   170.00000000000000      -0.53563628088798909        3.9858468973318845E-003
 >>>   180.00000000000000      -0.62306252167778620        3.3836302369477469E-003
 >>>   190.00000000000000      -0.72399764927305343        3.5663685259722240E-003
 >>>   200.00000000000000      -0.84488909609057017        4.4090902582971181E-003
 >>>   210.00000000000000      -0.98987619780460190        4.6927749671727397E-003
 >>>   220.00000000000000       -1.1690571226684516        4.3731047673822342E-003
 >>>   230.00000000000000       -1.3978260762986703        2.5966437857191421E-003
 >>>   240.00000000000000       -1.7191290282383043        1.6818418476176504E-003
 >>>   251.00000000000000       -2.5401065264113778      -0.24812040060947041     
 >>>   261.00000000000000       -2.6153370323432412      -0.87343819024691594     
 >>>   271.00000000000000       -2.6937096428217249       -1.2808342112130351     
 >>>   281.00000000000000       -2.7556407268511482       -1.6527392685246725     
 >>>   291.00000000000000       -2.8127666764048684       -2.0211506117404472     
 >>>   301.00000000000000       -2.8747690893438529       -2.4029589331792329     
 >>>   311.00000000000000       -2.9422972492051049       -2.8107368272052908     
 >>>   321.00000000000000       -3.0072926836973752       -3.2591589019175395     
 >>>   331.00000000000000       -3.0765371081865216       -3.7692954806580627     
 >>>   341.00000000000000       -3.1624973494731852       -4.3917810122075069     
 >>>   351.00000000000000       -3.1537663663415545       -5.3600497993176734     
 >>>   361.00000000000000       -2.6394254602617346       -6.3348370557347424     
 >>>   371.00000000000000       -1.8918922497668476       -7.0862391415132695     
 >>>   381.00000000000000       -1.0361286866960198       -7.6242330273396393     
 >>>   391.00000000000000      -0.14171400558748043       -7.9720800680450896     
 >>>   401.00000000000000       0.75081792148693971       -8.1583803411047491     
 >>>   411.00000000000000        1.6156431532843454       -8.2083815090039067     
 >>>   421.00000000000000        2.4364103778752249       -8.1453925325445340     
 >>>   431.00000000000000        3.2037161991907666       -7.9883292793578082     
 >>>   441.00000000000000        3.9120727900487049       -7.7556440865105518     
 >>>   451.00000000000000        4.5601374111319899       -7.4618531090351556     
 >>>   461.00000000000000        5.1466490216367236       -7.1186956400019419     
 >>>   471.00000000000000        5.6718664220534372       -6.7371180339273122     
 >>>   481.00000000000000        6.1368500619505717       -6.3269591646215115     
 >>>   491.00000000000000        6.5429150088493202       -5.8972759678380440     
 >>>   501.00000000000000        6.8948531149129471       -5.4564971979721202     
 >>>   511.00000000000000        7.1959868224074617       -5.0112469873016998     
 >>>   521.00000000000000        7.4494438370432645       -4.5672453615366040     
 >>>   531.00000000000000        7.6609821735149559       -4.1273888648834172     
 >>>   541.00000000000000        7.8355938281363171       -3.6945935841732060     
 >>>   551.00000000000000        7.9759607338233831       -3.2706603804075272     
 >>>   561.00000000000000        8.0851755277106001       -2.8571699166273028     
 >>>   571.00000000000000        8.1668823184353041       -2.4558962697551125     
 >>>   581.00000000000000        8.2234112425251293       -2.0674572793798687     
 >>>   591.00000000000000        8.2577025206289694       -1.6919885627219613     
 >>>   601.00000000000000        8.2723476730605991       -1.3298527179496205     
 >>>   611.00000000000000        8.2695912160249883      -0.98133292473010492     
 >>>   621.00000000000000        8.2509260754794713      -0.64652127827776529     
 >>>   631.00000000000000        8.2182973043176837      -0.32515133636734284     
 >>>   641.00000000000000        8.1731220809334371       -1.6828242778033308E-002
 >>>   651.00000000000000        8.1167991462323865       0.27875763357982647     
 >>>   661.00000000000000        8.0508576689053761       0.56151593741776484     
 >>>   671.00000000000000        7.9762733325753299       0.83197243217155781     
 >>>   681.00000000000000        7.8942712953481990        1.0907011946018987     
 >>>   691.00000000000000        7.8056860363024727        1.3379170312775934     
 >>>   701.00000000000000        7.7112604910558726        1.5739971502383414     
 >>>   711.00000000000000        7.6118021543301007        1.7990900364421427     
 >>>   721.00000000000000        7.5077542972085052        2.0140885983359045     
 >>>   731.00000000000000        7.4001082371240408        2.2191186440282102     
 >>>   741.00000000000000        7.2893814646962660        2.4146522192814777     
 >>>   751.00000000000000        7.1757645509625752        2.6008939184234112     
 >>>   761.00000000000000        7.0602753198137282        2.7784293358954231     
 >>>   771.00000000000000        6.9426912866634236        2.9479641719791587     
 >>>   781.00000000000000        6.8236307852926776        3.1091291934301086     
 >>>   791.00000000000000        6.7033579164411066        3.2624738083933211     
 >>>   801.00000000000000        6.5824560183459058        3.4084104439312202     
 >>>   811.00000000000000        6.4609199424864343        3.5475535799643061     
 >>>   821.00000000000000        6.3390601398144248        3.6798936223254617     
 >>>   831.00000000000000        6.2171243746561657        3.8058728690412629     
 >>>   841.00000000000000        6.0952373464752627        3.9256134985705962     
 >>>   851.00000000000000        5.9736306127276970        4.0395034136731747     
 >>>   861.00000000000000        5.8521577839562111        4.1477162370728529     
 >>>   871.00000000000000        5.7312705844148475        4.2504731805953941     
 >>>   881.00000000000000        5.6110249888447381        4.3482137204725717     
 >>>   891.00000000000000        5.4913692412054784        4.4410365717514306     
 >>>   901.00000000000000        5.3725359565385098        4.5290670949773943     
 >>>   911.00000000000000        5.2546877380252086        4.6126191832685839     
 >>>   921.00000000000000        5.1379071011917814        4.6918847524804246     
 >>>   931.00000000000000        5.0219332327713140        4.7670695345124665     
 >>>   941.00000000000000        4.9071252093581643        4.8382483796658331     
 >>>   951.00000000000000        4.7933064182125005        4.9057292244024930     
 >>>   961.00000000000000        4.6806670107297572        4.9694200581686570     
 >>>   971.00000000000000        4.5694705286673463        5.0297043268556898     
 >>>   981.00000000000000        4.4593635203883899        5.0866946276719061     
 >>>   991.00000000000000        4.3504684403671785        5.1405643104618486     
 >>>   1001.0000000000000        4.2429391925620870        5.1915142232297722     
 >>>   1011.0000000000000        4.1366187635345728        5.2395508823632460     
 >>>   1021.0000000000000        4.0315294100470762        5.2848293199388472     
 >>>   1031.0000000000000        3.9278348443957998        5.3273782833559924     
 >>>   1041.0000000000000        3.8254789993477427        5.3676155036810229     
 >>>   1051.0000000000000        3.7244589931828780        5.4052186755447096     
 >>>   1061.0000000000000        3.6248825333453518        5.4408286201596185     
 >>>   1071.0000000000000        3.5266462883471226        5.4740069534665414     
 >>>   1081.0000000000000        3.4296042877237403        5.5050540516169466     
 >>>   1091.0000000000000        3.3339317036240947        5.5343521748235824     
 >>>   1101.0000000000000        3.2397320104752785        5.5615735272765274     
 >>>   1111.0000000000000        3.1466695248737659        5.5868841232851718     
 >>>   1121.0000000000000        3.0551077457028386        5.6104556249755388     
 >>>   1131.0000000000000        2.9645816132361458        5.6322921244356650     
 >>>   1141.0000000000000        2.8754921527900219        5.6524305969508726     
 >>>   1151.0000000000000        2.7875493074389883        5.6710403624211576     
 >>>   1161.0000000000000        2.7010605707452155        5.6881757069136771     
 >>>   1171.0000000000000        2.6156460834011943        5.7037389536590242     
 >>>   1181.0000000000000        2.5315219229353052        5.7181240665783406     
 >>>   1191.0000000000000        2.4485738844205120        5.7310599702934750     
 >>>   1201.0000000000000        2.3667538144077067        5.7428025029440137     
 >>>   1211.0000000000000        2.2862146588204126        5.7533114174124540     
 >>>   1221.0000000000000        2.2069647459804482        5.7628110342959538     
 >>>   1231.0000000000000        2.1287104774064116        5.7710979510203373     
 >>>   1241.0000000000000        2.0517464711994440        5.7781746993543512     
 >>>   1251.0000000000000        1.9756436931178600        5.7844389693454419     
 >>>   1261.0000000000000        1.9007459375242111        5.7897042427100329     
 >>>   1271.0000000000000        1.8270932393275401        5.7939155748875235     
 >>>   1281.0000000000000        1.7543874752189952        5.7972720233582971     
 >>>   1291.0000000000000        1.6826612660197362        5.7998024500827450     
 >>>   1301.0000000000000        1.6120714534421030        5.8014684192657651     
 >>>   1311.0000000000000        1.5424956839835013        5.8023546442547218     
 >>>   1321.0000000000000        1.4740223360496145        5.8026250909662096     
 >>>   1331.0000000000000        1.4064200468683896        5.8020303934787929     
 >>>   1341.0000000000000        1.3397807544193432        5.8007354654913215     
 >>>   1351.0000000000000        1.2740463101767805        5.7988385796129780     
 >>>   1361.0000000000000        1.2096162850782406        5.7962982717059965     
 >>>   1371.0000000000000        1.1459176051915263        5.7933212746608538     
 >>>   1381.0000000000000        1.0831204115520277        5.7894689264775234     
 >>>   1391.0000000000000        1.0208555761557283        5.7850986911465156     
 >>>   1401.0000000000000       0.95997478364220967        5.7802234034749942     
 >>>   1411.0000000000000       0.89981504309146576        5.7748578257552303     
 >>>   1421.0000000000000       0.84068794354454235        5.7689576148782544     
 >>>   1431.0000000000000       0.78197075989069142        5.7624952491991941     
 >>>   1441.0000000000000       0.72469477867339227        5.7556955774090683     
 >>>   1451.0000000000000       0.66788901255959499        5.7483123523543869     
 >>>   1461.0000000000000       0.61181789436292600        5.7408181788485546     
 >>>   1471.0000000000000       0.55669436398894723        5.7327245871545891     
 >>>   1481.0000000000000       0.50224275471823587        5.7243823561215823     
 >>>   1491.0000000000000       0.44876748675347178        5.7160270178697914     
 >>>   1501.0000000000000       0.39589451662488218        5.7069566530888611     
 >>>   1511.0000000000000       0.34379594768342198        5.6974747984283214     
 >>>   1521.0000000000000       0.29238650264278065        5.6877236559926176     
 >>>   1531.0000000000000       0.24163473011376174        5.6775386535144703     
 >>>   1541.0000000000000       0.19179105666881080        5.6674935821106009     
 >>>   1551.0000000000000       0.14254514128419143        5.6567838004930255     
 >>>   1561.0000000000000        9.3774327866575441E-002   5.6458203312968518     
 >>>   1571.0000000000000        4.5939427581277871E-002   5.6348706698493789     
 >>>   1581.0000000000000       -1.6016560369863130E-003   5.6235080423475923     
 >>>   1591.0000000000000       -4.8181425952113069E-002   5.6119685426033126     
 >>>   1601.0000000000000       -9.4073831982580444E-002   5.6002572382310936     
 >>>   1611.0000000000000      -0.13933654351713989        5.5883754278865778     
 >>>   1621.0000000000000      -0.18414678811718388        5.5761015113002452     
 >>>   1631.0000000000000      -0.22824014717380600        5.5636721979285753     
 >>>   1641.0000000000000      -0.27169881957603781        5.5512044144116981     
 >>>   1651.0000000000000      -0.31482256524118463        5.5383486416170049     
 >>>   1661.0000000000000      -0.35687778347229548        5.5257407687763882     
 >>>   1671.0000000000000      -0.39858014960581811        5.5124119052697607     
 >>>   1681.0000000000000      -0.43944112347588066        5.4993514115700624     
 >>>   1691.0000000000000      -0.48004579284744286        5.4860531794221199     
 >>>   1701.0000000000000      -0.52016931611828576        5.4728427920816110     
 >>>   1711.0000000000000      -0.55957502146420635        5.4592771908135962     
 >>>   1721.0000000000000      -0.59885410913927462        5.4456851867045488     
 >>>   1731.0000000000000      -0.63701723622519357        5.4321086506467475     
 >>>   1741.0000000000000      -0.67499333192728739        5.4182845922282326     
 >>>   1751.0000000000000      -0.71225781236206620        5.4045242941102813     
 >>>   1761.0000000000000      -0.74933030053176108        5.3902566521486825     
 >>>   1771.0000000000000      -0.78563252150360763        5.3763722227766131     
 >>>   1781.0000000000000      -0.82132889309126400        5.3620372836875179     
 >>>   1791.0000000000000      -0.85718494986850180        5.3480466935678344     
 >>>   1801.0000000000000      -0.89194955177250890        5.3334247686069514     
 >>>   1811.0000000000000      -0.92661489156298338        5.3191594209933051     
 >>>   1821.0000000000000      -0.96072312775227919        5.3049291795392390     
 >>>   1831.0000000000000      -0.99390038178625517        5.2903353918565115     
 >>>   1841.0000000000000       -1.0272871771793510        5.2757900331127168     
 >>>   1851.0000000000000       -1.0597853329554614        5.2613039769531715     
 >>>   1861.0000000000000       -1.0922838760018307        5.2463491952242896     
 >>>   1871.0000000000000       -1.1239418021850949        5.2320428406221833     
 >>>   1881.0000000000000       -1.1557412837439442        5.2173743938363550     
 >>>   1891.0000000000000       -1.1863563418235583        5.2026468447627581     
 >>>   1901.0000000000000       -1.2174600884895979        5.1879116001416676     
 >>>   1911.0000000000000       -1.2470466269086107        5.1730866468905363     
 >>>   1921.0000000000000       -1.2770097312045487        5.1581087506369316     
 >>>   1931.0000000000000       -1.3063589602642247        5.1437473517251329     
 >>>   1941.0000000000000       -1.3350023564276507        5.1287222777340009     
 >>>   1951.0000000000000       -1.3638188288434578        5.1138360538817516     
 >>>   1961.0000000000000       -1.3925427746362748        5.0987812668081585     
 >>>   1971.0000000000000       -1.4199708980612591        5.0840202979646181     
 >>>   1981.0000000000000       -1.4478413971021074        5.0690546169844666     
 >>>   1991.0000000000000       -1.4751162207372570        5.0545314836479092     
 >>>   2001.0000000000000       -1.5022890532344855        5.0396767298639196     
 >>>   2011.0000000000000       -1.5291112011997361        5.0244027498875168     
 >>>   2021.0000000000000       -1.5549532637017045        5.0094799158389156     
 >>>   2031.0000000000000       -1.5812444821156701        4.9944768854706370     
 >>>   2041.0000000000000       -1.6069519836240667        4.9800298591854233     
 >>>   2051.0000000000000       -1.6318146539903839        4.9648957638416711     
 >>>   2061.0000000000000       -1.6572000621355740        4.9498983356713859     
 >>>   2071.0000000000000       -1.6820827686473756        4.9354186859988154     
 >>>   2081.0000000000000       -1.7069137882585070        4.9207957559882942     
 >>>   2091.0000000000000       -1.7311500193459957        4.9060330159155532     
 >>>   2101.0000000000000       -1.7550878149774756        4.8910239296877327     
 >>>   2111.0000000000000       -1.7786926895137198        4.8767558097624599     
 >>>   2121.0000000000000       -1.8019188040659930        4.8620056711133808     
 >>>   2131.0000000000000       -1.8253147309589717        4.8471865490293560     
 >>>   2141.0000000000000       -1.8481294084797715        4.8325126836030581     
 >>>   2151.0000000000000       -1.8703754273023678        4.8177029053822640     
 >>>   2161.0000000000000       -1.8929281980933532        4.8031598693358850     
 >>>   2171.0000000000000       -1.9150123229904499        4.7889125061791358     
 >>>   2181.0000000000000       -1.9363597842836415        4.7743913198261101     
 >>>   2191.0000000000000       -1.9581613723458409        4.7596033676980261     
 >>>   2201.0000000000000       -1.9793203069276140        4.7448956736583954     
 >>>   2211.0000000000000       -2.0002957356579403        4.7308639684409668     
 >>>   2221.0000000000000       -2.0217044781297613        4.7161017388852677     
 >>>   2231.0000000000000       -2.0419123777931882        4.7012606025423676     
 >>>   2241.0000000000000       -2.0628421511464952        4.6872940647422698     
 >>>   2251.0000000000000       -2.0823986989207635        4.6727025300202989     
 >>>   2261.0000000000000       -2.1028194270303726        4.6587123877800050     
 >>>   2271.0000000000000       -2.1221531153749957        4.6441463476300084     
 >>>   2281.0000000000000       -2.1414947509752795        4.6302383950902861     
 >>>   2291.0000000000000       -2.1612501450519264        4.6159323845653635     
 >>>   2301.0000000000000       -2.1801937224112118        4.6017942612007587     
 >>>   2311.0000000000000       -2.1986933164107278        4.5879316904949388     
 >>>   2321.0000000000000       -2.2170318741932071        4.5729367086622306     
 >>>   2331.0000000000000       -2.2359289803766100        4.5595140208575513     
 >>>   2341.0000000000000       -2.2540358768048043        4.5455111794072858     
 >>>   2351.0000000000000       -2.2723297848240311        4.5316075637896596     
 >>>   2361.0000000000000       -2.2898962912398324        4.5175981802783447     
 >>>   2371.0000000000000       -2.3076514443368348        4.5036777059618682     
 >>>   2381.0000000000000       -2.3256228226063351        4.4902080122252128     
 >>>   2391.0000000000000       -2.3422805229244816        4.4762456657036997     
 >>>   2401.0000000000000       -2.3587035647771724        4.4627029328498713     
 >>>   2411.0000000000000       -2.3762931379466083        4.4491593599343284     
 >>>   2421.0000000000000       -2.3933457166011407        4.4352790295161855     
 >>>   2431.0000000000000       -2.4096698066693030        4.4224468935914150     
 >>>   2441.0000000000000       -2.4265935049970926        4.4085672555280375     
 >>>   2451.0000000000000       -2.4422010516513288        4.3947100197869311     
 >>>   2461.0000000000000       -2.4589846902759360        4.3810599019611685     
 >>>   2471.0000000000000       -2.4748361235572878        4.3676638484148000     
 >>>   2481.0000000000000       -2.4902023332894769        4.3537347108872888     
 >>>   2491.0000000000000       -2.5057807559826379        4.3405312524283302     
 >>>   2501.0000000000000       -2.5216786734501353        4.3266567890835850     
  powheginput keyword compare_vecsb_ep     absent; set to   -1000000.0000000000     
 RM48 INITIALIZED:       547          14         0
 RM48IN SKIPPING OVER              14
 Writing bornequiv file...
 Done
  powheginput keyword writeequivfile       absent; set to   -1000000.0000000000     
  powheginput keyword charmthrpdf          absent; set to   -1000000.0000000000     
  powheginput keyword bottomthrpdf         absent; set to   -1000000.0000000000     
 ===============================
 LHAPDF called in POWHEG
 pdf cutoff factor =    1.0000000000000000     
 pdf cutoff [GeV] =    1.0000000000000000     
 ===============================
  0.14612547994012204        3.1123023230050333E-003
  0.14933440379198293        1.1065774367046066E-003
  0.14750654148827616        5.8973541188707304E-004
  Importance sampling x grids generated and stored
  powheginput keyword foldcsi              set to    1.0000000000000000     
  powheginput keyword foldy                set to    1.0000000000000000     
  powheginput keyword foldphi              set to    1.0000000000000000     
  POWHEG: Computing pos.+|neg.|  weight contribution to inclusive cross section
  powheginput keyword ncall2               set to    5000.0000000000000     
  powheginput keyword itmx2                set to    3.0000000000000000     
  powheginput keyword ncall2rm             absent; set to   -1000000.0000000000     
  powheginput keyword itmx2rm              absent; set to   -1000000.0000000000     
  powheginput keyword stage2init           absent; set to   -1000000.0000000000     
 *****************************
        NLO ANALYSIS
 *****************************
  0.14751047538303785        6.0289795779290491E-004
  0.14853483093323641        6.6356576146876518E-004
  0.14780874315879497        6.1858695688308347E-004
 tot:  0.14795134982502328      +-   3.6309875025918498E-004
 abs:  0.14795134982502328      +-   3.6309875025918498E-004
 pos:  0.14795134982502328      +-   3.6309875025918498E-004
 neg:   0.0000000000000000      +-   0.0000000000000000     
  powheginput keyword ubsigmadetails       absent; set to   -1000000.0000000000     
 btilde pos.   weights:  0.14795134982502328       +-   3.6309875025918498E-004
 btilde |neg.| weights:   0.0000000000000000       +-   0.0000000000000000     
 btilde total (pos.-|neg.|):  0.14795134982502328       +-   3.6309875025918498E-004
  Remnant cross section in pb   0.0000000000000000      +-   0.0000000000000000     
  total (btilde+remnants) cross section in pb  0.14795134982502328      +-   3.6309875025918498E-004
  negative weight fraction:   0.0000000000000000     
  getlinemintupb1: loading file(s)
  opened pwgbtildeupb.dat
  getlinemintupb1: counting lines in files
  opened pwgbtildeupb.dat
  getlinemintupb1: found        15000  lines in files
  getlinemintupb1: load content from files
  opened pwgbtildeupb.dat
  getlinemintupb1: content loaded
 getlinemintupb1: loaded file(s)
 loadmintupb: num. discarded/total:           0 /       15000
 loadmintupb: estimated integral for btildeupb (pos.+|neg.|)  is   0.14795930643823338     
  iterating upper bounding envelope formation
  failure estimate, efficiency    2.5997933266070056E-002  0.86535693090162180     
  ratios failure estimate, efficiency   0.71419616931499197        1.0000000000000031     
  iterating upper bounding envelope formation
  failure estimate, efficiency    2.0554298322535192E-002  0.82808353401983836     
  ratios failure estimate, efficiency   0.48700449938040546        1.0000000000000009     
  iterating upper bounding envelope formation
  failure estimate, efficiency    1.7310658072555909E-002  0.80161850140635182     
  ratios failure estimate, efficiency   0.28673152483901027       0.99999999999999378     
  more iterations needed
  this can take a moment ...
  failure estimate, efficiency    1.4910889276587919E-002  0.78098761849962373     
  ratios failure estimate, efficiency   0.13947049936938649        1.0000000000000009     
  failure estimate, efficiency    1.3026902085129589E-002  0.76412531159558061     
  ratios failure estimate, efficiency    4.4734151897178061E-002  0.99786905554226735     
  failure estimate, efficiency    1.1440282421721100E-002  0.74995849331642428     
  ratios failure estimate, efficiency    1.0221829310699856E-002  0.98345089350373438     
  failure estimate, efficiency    1.0111567686506303E-002  0.73788265308325851     
  ratios failure estimate, efficiency    3.1369444837340437E-003  0.97113870252677592     
  failure estimate, efficiency    9.0162775514175050E-003  0.72756261540276679     
  ratios failure estimate, efficiency    1.3123452510608498E-003  0.96404724142803910     
  ratios envelope efficiency  0.96046446734332191     
  ratios failure estimate   6.7971692053781288E-004
  failure estimate, efficiency    8.0840305195337935E-003  0.71855465786532391     
  failure estimate, efficiency    7.2710659118132613E-003  0.71062967673885924     
  failure estimate, efficiency    6.5525168744826065E-003  0.70360939470967665     
  failure estimate, efficiency    5.9300011399039511E-003  0.69733997788906155     
  failure estimate, efficiency    5.3869544285912322E-003  0.69173905596515373     
  failure estimate, efficiency    4.9185993986398538E-003  0.68672524671033752     
  failure estimate, efficiency    4.5144051792158028E-003  0.68213927520696593     
  failure estimate, efficiency    4.1488343290108348E-003  0.67796148818595536     
  failure estimate, efficiency    3.8211222578329544E-003  0.67412997181998069     
  failure estimate, efficiency    3.5300091310040706E-003  0.67061764218556530     
  failure estimate, efficiency    3.2679934803191185E-003  0.66738446551499209     
  failure estimate, efficiency    3.0296538496143977E-003  0.66438056333576623     
  failure estimate, efficiency    2.8098071316029734E-003  0.66160349426211496     
  failure estimate, efficiency    2.6080393483237916E-003  0.65902290362834182     
  failure estimate, efficiency    2.4275453655563830E-003  0.65666192349285268     
  failure estimate, efficiency    2.2592770888148306E-003  0.65442624660395199     
  failure estimate, efficiency    2.1098684490212260E-003  0.65236968681911067     
  failure estimate, efficiency    1.9708151893768752E-003  0.65043100397134124     
  failure estimate, efficiency    1.8449306569989778E-003  0.64862683734092741     
  failure estimate, efficiency    1.7301409333097476E-003  0.64693437714704893     
  failure estimate, efficiency    1.6188630780436530E-003  0.64531094639213582     
  failure estimate, efficiency    1.5155093067823410E-003  0.64377928197609113     
  failure estimate, efficiency    1.4205867628906703E-003  0.64233191632492992     
  failure estimate, efficiency    1.3318456157193571E-003  0.64095028995958403     
  failure estimate, efficiency    1.2500431451893676E-003  0.63964377928196525     
  failure estimate, efficiency    1.1721139676134653E-003  0.63840951289527448     
  failure estimate, efficiency    1.0968263569160078E-003  0.63721845320422710     
  failure estimate, efficiency    1.0277172296352857E-003  0.63610621916472854     
  summary of bounds for btildeupb
  estimated efficiency without fastbtlbound   0.63566968844212079     
  failure estimate   9.6313487879091876E-004
  estimated efficiency with fastbtlbound   0.96046446734332191     
  failure estimate   6.7971692053781288E-004
 processed        15000  points          37 iterations
  deallocating mintupb arrays
  end deallocating 
  Upper bounding envelope for btilde computed
  Efficiency for btilde generation is printed above
  powheginput keyword nubound              set to    0.0000000000000000     
  powheginput keyword iymax                absent; set to   -1000000.0000000000     
  powheginput keyword icsimax              absent; set to   -1000000.0000000000     
  powheginput keyword xupbound             absent; set to   -1000000.0000000000     
  ubound set =0, cannot proceed
Thanks for using LHAPDF 6.3.0. Please make sure to cite the paper:
  Eur.Phys.J. C75 (2015) 3, 132  (http://arxiv.org/abs/1412.7420)
